<?xml version="1.0" encoding="UTF-8"?>
<testsuite xmlns:xsi="http://www.w3.org/2001/XMLSchema-instance" xsi:noNamespaceSchemaLocation="https://maven.apache.org/surefire/maven-surefire-plugin/xsd/surefire-test-report.xsd" name="TestWx" time="0.758" tests="1" errors="1" skipped="0" failures="0">
  <properties>
    <property name="sun.desktop" value="windows"/>
    <property name="awt.toolkit" value="sun.awt.windows.WToolkit"/>
    <property name="file.encoding.pkg" value="sun.io"/>
    <property name="java.specification.version" value="1.8"/>
    <property name="sun.cpu.isalist" value="amd64"/>
    <property name="sun.jnu.encoding" value="GBK"/>
    <property name="java.class.path" value="E:\SVN-File\wechatserver\target\test-classes;E:\SVN-File\wechatserver\target\classes;D:\Maven-Local\Java\org\springframework\boot\spring-boot-starter\2.0.3.RELEASE\spring-boot-starter-2.0.3.RELEASE.jar;D:\Maven-Local\Java\org\springframework\boot\spring-boot\2.0.3.RELEASE\spring-boot-2.0.3.RELEASE.jar;D:\Maven-Local\Java\org\springframework\spring-context\5.0.7.RELEASE\spring-context-5.0.7.RELEASE.jar;D:\Maven-Local\Java\org\springframework\boot\spring-boot-autoconfigure\2.0.3.RELEASE\spring-boot-autoconfigure-2.0.3.RELEASE.jar;D:\Maven-Local\Java\org\springframework\boot\spring-boot-starter-logging\2.0.3.RELEASE\spring-boot-starter-logging-2.0.3.RELEASE.jar;D:\Maven-Local\Java\org\apache\logging\log4j\log4j-to-slf4j\2.10.0\log4j-to-slf4j-2.10.0.jar;D:\Maven-Local\Java\org\apache\logging\log4j\log4j-api\2.10.0\log4j-api-2.10.0.jar;D:\Maven-Local\Java\org\slf4j\jul-to-slf4j\1.7.25\jul-to-slf4j-1.7.25.jar;D:\Maven-Local\Java\javax\annotation\javax.annotation-api\1.3.2\javax.annotation-api-1.3.2.jar;D:\Maven-Local\Java\org\springframework\spring-core\5.0.7.RELEASE\spring-core-5.0.7.RELEASE.jar;D:\Maven-Local\Java\org\springframework\spring-jcl\5.0.7.RELEASE\spring-jcl-5.0.7.RELEASE.jar;D:\Maven-Local\Java\org\yaml\snakeyaml\1.19\snakeyaml-1.19.jar;D:\Maven-Local\Java\org\springframework\boot\spring-boot-starter-web\2.0.3.RELEASE\spring-boot-starter-web-2.0.3.RELEASE.jar;D:\Maven-Local\Java\org\springframework\boot\spring-boot-starter-json\2.0.3.RELEASE\spring-boot-starter-json-2.0.3.RELEASE.jar;D:\Maven-Local\Java\com\fasterxml\jackson\datatype\jackson-datatype-jdk8\2.9.6\jackson-datatype-jdk8-2.9.6.jar;D:\Maven-Local\Java\com\fasterxml\jackson\datatype\jackson-datatype-jsr310\2.9.6\jackson-datatype-jsr310-2.9.6.jar;D:\Maven-Local\Java\com\fasterxml\jackson\module\jackson-module-parameter-names\2.9.6\jackson-module-parameter-names-2.9.6.jar;D:\Maven-Local\Java\org\hibernate\validator\hibernate-validator\6.0.10.Final\hibernate-validator-6.0.10.Final.jar;D:\Maven-Local\Java\javax\validation\validation-api\2.0.1.Final\validation-api-2.0.1.Final.jar;D:\Maven-Local\Java\org\jboss\logging\jboss-logging\3.3.2.Final\jboss-logging-3.3.2.Final.jar;D:\Maven-Local\Java\com\fasterxml\classmate\1.3.4\classmate-1.3.4.jar;D:\Maven-Local\Java\org\springframework\spring-web\5.0.7.RELEASE\spring-web-5.0.7.RELEASE.jar;D:\Maven-Local\Java\org\springframework\spring-beans\5.0.7.RELEASE\spring-beans-5.0.7.RELEASE.jar;D:\Maven-Local\Java\org\springframework\spring-webmvc\5.0.7.RELEASE\spring-webmvc-5.0.7.RELEASE.jar;D:\Maven-Local\Java\org\springframework\spring-aop\5.0.7.RELEASE\spring-aop-5.0.7.RELEASE.jar;D:\Maven-Local\Java\org\springframework\spring-expression\5.0.7.RELEASE\spring-expression-5.0.7.RELEASE.jar;D:\Maven-Local\Java\org\json\json\20160810\json-20160810.jar;D:\Maven-Local\Java\net\sf\json-lib\json-lib\2.4\json-lib-2.4-jdk15.jar;D:\Maven-Local\Java\commons-beanutils\commons-beanutils\1.8.0\commons-beanutils-1.8.0.jar;D:\Maven-Local\Java\commons-collections\commons-collections\3.2.1\commons-collections-3.2.1.jar;D:\Maven-Local\Java\commons-lang\commons-lang\2.5\commons-lang-2.5.jar;D:\Maven-Local\Java\commons-logging\commons-logging\1.1.1\commons-logging-1.1.1.jar;D:\Maven-Local\Java\net\sf\ezmorph\ezmorph\1.0.6\ezmorph-1.0.6.jar;D:\Maven-Local\Java\dom4j\dom4j\1.6.1\dom4j-1.6.1.jar;D:\Maven-Local\Java\xml-apis\xml-apis\1.4.01\xml-apis-1.4.01.jar;D:\Maven-Local\Java\com\thoughtworks\xstream\xstream\1.4.9\xstream-1.4.9.jar;D:\Maven-Local\Java\xmlpull\xmlpull\1.1.3.1\xmlpull-1.1.3.1.jar;D:\Maven-Local\Java\xpp3\xpp3_min\1.1.4c\xpp3_min-1.1.4c.jar;D:\Maven-Local\Java\org\apache\httpcomponents\httpclient\4.5.5\httpclient-4.5.5.jar;D:\Maven-Local\Java\org\apache\httpcomponents\httpcore\4.4.9\httpcore-4.4.9.jar;D:\Maven-Local\Java\org\apache\tomcat\embed\tomcat-embed-jasper\8.5.31\tomcat-embed-jasper-8.5.31.jar;D:\Maven-Local\Java\org\apache\tomcat\embed\tomcat-embed-core\8.5.31\tomcat-embed-core-8.5.31.jar;D:\Maven-Local\Java\org\apache\tomcat\tomcat-annotations-api\8.5.31\tomcat-annotations-api-8.5.31.jar;D:\Maven-Local\Java\org\apache\tomcat\embed\tomcat-embed-el\8.5.31\tomcat-embed-el-8.5.31.jar;D:\Maven-Local\Java\org\eclipse\jdt\ecj\3.12.3\ecj-3.12.3.jar;D:\Maven-Local\Java\javax\servlet\jstl\1.2\jstl-1.2.jar;D:\Maven-Local\Java\javax\servlet\javax.servlet-api\3.1.0\javax.servlet-api-3.1.0.jar;D:\Maven-Local\Java\jstl\jstl\1.2\jstl-1.2.jar;D:\Maven-Local\Java\org\springframework\boot\spring-boot-starter-data-redis\2.0.3.RELEASE\spring-boot-starter-data-redis-2.0.3.RELEASE.jar;D:\Maven-Local\Java\org\springframework\data\spring-data-redis\2.0.8.RELEASE\spring-data-redis-2.0.8.RELEASE.jar;D:\Maven-Local\Java\org\springframework\data\spring-data-keyvalue\2.0.8.RELEASE\spring-data-keyvalue-2.0.8.RELEASE.jar;D:\Maven-Local\Java\org\springframework\spring-tx\5.0.7.RELEASE\spring-tx-5.0.7.RELEASE.jar;D:\Maven-Local\Java\org\springframework\spring-oxm\5.0.7.RELEASE\spring-oxm-5.0.7.RELEASE.jar;D:\Maven-Local\Java\org\springframework\spring-context-support\5.0.7.RELEASE\spring-context-support-5.0.7.RELEASE.jar;D:\Maven-Local\Java\org\slf4j\slf4j-api\1.7.25\slf4j-api-1.7.25.jar;D:\Maven-Local\Java\io\lettuce\lettuce-core\5.0.4.RELEASE\lettuce-core-5.0.4.RELEASE.jar;D:\Maven-Local\Java\io\projectreactor\reactor-core\3.1.8.RELEASE\reactor-core-3.1.8.RELEASE.jar;D:\Maven-Local\Java\org\reactivestreams\reactive-streams\1.0.2\reactive-streams-1.0.2.jar;D:\Maven-Local\Java\io\netty\netty-common\4.1.25.Final\netty-common-4.1.25.Final.jar;D:\Maven-Local\Java\io\netty\netty-transport\4.1.25.Final\netty-transport-4.1.25.Final.jar;D:\Maven-Local\Java\io\netty\netty-buffer\4.1.25.Final\netty-buffer-4.1.25.Final.jar;D:\Maven-Local\Java\io\netty\netty-resolver\4.1.25.Final\netty-resolver-4.1.25.Final.jar;D:\Maven-Local\Java\io\netty\netty-handler\4.1.25.Final\netty-handler-4.1.25.Final.jar;D:\Maven-Local\Java\io\netty\netty-codec\4.1.25.Final\netty-codec-4.1.25.Final.jar;D:\Maven-Local\Java\redis\clients\jedis\2.9.0\jedis-2.9.0.jar;D:\Maven-Local\Java\org\apache\commons\commons-pool2\2.5.0\commons-pool2-2.5.0.jar;D:\Maven-Local\Java\mysql\mysql-connector-java\5.1.46\mysql-connector-java-5.1.46.jar;D:\Maven-Local\Java\org\mybatis\spring\boot\mybatis-spring-boot-starter\1.3.0\mybatis-spring-boot-starter-1.3.0.jar;D:\Maven-Local\Java\org\springframework\boot\spring-boot-starter-jdbc\2.0.3.RELEASE\spring-boot-starter-jdbc-2.0.3.RELEASE.jar;D:\Maven-Local\Java\com\zaxxer\HikariCP\2.7.9\HikariCP-2.7.9.jar;D:\Maven-Local\Java\org\springframework\spring-jdbc\5.0.7.RELEASE\spring-jdbc-5.0.7.RELEASE.jar;D:\Maven-Local\Java\org\mybatis\spring\boot\mybatis-spring-boot-autoconfigure\1.3.0\mybatis-spring-boot-autoconfigure-1.3.0.jar;D:\Maven-Local\Java\org\mybatis\mybatis\3.4.4\mybatis-3.4.4.jar;D:\Maven-Local\Java\org\mybatis\mybatis-spring\1.3.1\mybatis-spring-1.3.1.jar;D:\Maven-Local\Java\com\alibaba\druid\1.0.25\druid-1.0.25.jar;D:\developer-Tools\JDK\jdk\jre\..\lib\jconsole.jar;D:\developer-Tools\JDK\jdk\jre\..\lib\tools.jar;D:\Maven-Local\Java\com\fasterxml\jackson\core\jackson-databind\2.9.6\jackson-databind-2.9.6.jar;D:\Maven-Local\Java\com\fasterxml\jackson\core\jackson-annotations\2.9.0\jackson-annotations-2.9.0.jar;D:\Maven-Local\Java\com\fasterxml\jackson\core\jackson-core\2.9.6\jackson-core-2.9.6.jar;D:\Maven-Local\Java\commons-io\commons-io\2.4\commons-io-2.4.jar;D:\Maven-Local\Java\org\eclipse\paho\org.eclipse.paho.client.mqttv3\1.2.0\org.eclipse.paho.client.mqttv3-1.2.0.jar;D:\Maven-Local\Java\commons-codec\commons-codec\1.11\commons-codec-1.11.jar;D:\Maven-Local\Java\org\springframework\boot\spring-boot-starter-test\2.0.3.RELEASE\spring-boot-starter-test-2.0.3.RELEASE.jar;D:\Maven-Local\Java\org\springframework\boot\spring-boot-test\2.0.3.RELEASE\spring-boot-test-2.0.3.RELEASE.jar;D:\Maven-Local\Java\org\springframework\boot\spring-boot-test-autoconfigure\2.0.3.RELEASE\spring-boot-test-autoconfigure-2.0.3.RELEASE.jar;D:\Maven-Local\Java\com\jayway\jsonpath\json-path\2.4.0\json-path-2.4.0.jar;D:\Maven-Local\Java\net\minidev\json-smart\2.3\json-smart-2.3.jar;D:\Maven-Local\Java\net\minidev\accessors-smart\1.2\accessors-smart-1.2.jar;D:\Maven-Local\Java\org\ow2\asm\asm\5.0.4\asm-5.0.4.jar;D:\Maven-Local\Java\junit\junit\4.12\junit-4.12.jar;D:\Maven-Local\Java\org\assertj\assertj-core\3.9.1\assertj-core-3.9.1.jar;D:\Maven-Local\Java\org\mockito\mockito-core\2.15.0\mockito-core-2.15.0.jar;D:\Maven-Local\Java\net\bytebuddy\byte-buddy\1.7.11\byte-buddy-1.7.11.jar;D:\Maven-Local\Java\net\bytebuddy\byte-buddy-agent\1.7.11\byte-buddy-agent-1.7.11.jar;D:\Maven-Local\Java\org\objenesis\objenesis\2.6\objenesis-2.6.jar;D:\Maven-Local\Java\org\hamcrest\hamcrest-core\1.3\hamcrest-core-1.3.jar;D:\Maven-Local\Java\org\hamcrest\hamcrest-library\1.3\hamcrest-library-1.3.jar;D:\Maven-Local\Java\org\skyscreamer\jsonassert\1.5.0\jsonassert-1.5.0.jar;D:\Maven-Local\Java\com\vaadin\external\google\android-json\0.0.20131108.vaadin1\android-json-0.0.20131108.vaadin1.jar;D:\Maven-Local\Java\org\springframework\spring-test\5.0.7.RELEASE\spring-test-5.0.7.RELEASE.jar;D:\Maven-Local\Java\org\xmlunit\xmlunit-core\2.5.1\xmlunit-core-2.5.1.jar;D:\Maven-Local\Java\com\baidu\aip\java-sdk\4.4.1\java-sdk-4.4.1.jar;D:\Maven-Local\Java\log4j\log4j\1.2.17\log4j-1.2.17.jar;D:\Maven-Local\Java\org\apache\httpcomponents\httpmime\4.5.5\httpmime-4.5.5.jar;D:\Maven-Local\Java\org\springframework\boot\spring-boot-configuration-processor\2.0.3.RELEASE\spring-boot-configuration-processor-2.0.3.RELEASE.jar;D:\Maven-Local\Java\commons-net\commons-net\3.6\commons-net-3.6.jar;D:\Maven-Local\Java\com\jcraft\jsch\0.1.54\jsch-0.1.54.jar;D:\Maven-Local\Java\org\jvnet\hudson\ganymed-ssh2\build210-hudson-1\ganymed-ssh2-build210-hudson-1.jar;D:\Maven-Local\Java\org\jrebirth\af\showcase\wave\8.6.0\wave-8.6.0.jar;D:\Maven-Local\Java\ch\qos\logback\logback-classic\1.2.3\logback-classic-1.2.3.jar;D:\Maven-Local\Java\ch\qos\logback\logback-core\1.2.3\logback-core-1.2.3.jar;D:\Maven-Local\Java\org\jrebirth\af\preloader\8.6.0\preloader-8.6.0.jar;D:\Maven-Local\Java\org\jrebirth\af\core\8.6.0\core-8.6.0.jar;D:\Maven-Local\Java\org\jrebirth\af\api\8.6.0\api-8.6.0.jar;D:\Maven-Local\Java\org\jrebirth\af\resources\8.6.0\resources-8.6.0.jar;D:\developer-Tools\JDK\jdk\jre\lib\javaws.jar;D:\developer-Tools\JDK\jdk\jre\lib\deploy.jar;D:\Maven-Local\Java\org\jrebirth\af\component\8.6.0\component-8.6.0.jar;D:\Maven-Local\Java\com\google\android\android\4.1.1.4\android-4.1.1.4.jar;D:\Maven-Local\Java\org\khronos\opengl-api\gl1.1-android-2.1_r1\opengl-api-gl1.1-android-2.1_r1.jar;D:\Maven-Local\Java\xerces\xmlParserAPIs\2.6.2\xmlParserAPIs-2.6.2.jar;D:\Maven-Local\Java\xpp3\xpp3\1.1.4c\xpp3-1.1.4c.jar;D:\Maven-Local\Java\org\springframework\boot\spring-boot-starter-data-jpa\2.0.3.RELEASE\spring-boot-starter-data-jpa-2.0.3.RELEASE.jar;D:\Maven-Local\Java\org\springframework\boot\spring-boot-starter-aop\2.0.3.RELEASE\spring-boot-starter-aop-2.0.3.RELEASE.jar;D:\Maven-Local\Java\org\aspectj\aspectjweaver\1.8.13\aspectjweaver-1.8.13.jar;D:\Maven-Local\Java\org\hibernate\hibernate-core\5.2.17.Final\hibernate-core-5.2.17.Final.jar;D:\Maven-Local\Java\org\hibernate\javax\persistence\hibernate-jpa-2.1-api\1.0.2.Final\hibernate-jpa-2.1-api-1.0.2.Final.jar;D:\Maven-Local\Java\org\javassist\javassist\3.22.0-GA\javassist-3.22.0-GA.jar;D:\Maven-Local\Java\antlr\antlr\2.7.7\antlr-2.7.7.jar;D:\Maven-Local\Java\org\jboss\jandex\2.0.3.Final\jandex-2.0.3.Final.jar;D:\Maven-Local\Java\org\hibernate\common\hibernate-commons-annotations\5.0.1.Final\hibernate-commons-annotations-5.0.1.Final.jar;D:\Maven-Local\Java\javax\transaction\javax.transaction-api\1.2\javax.transaction-api-1.2.jar;D:\Maven-Local\Java\org\springframework\data\spring-data-jpa\2.0.8.RELEASE\spring-data-jpa-2.0.8.RELEASE.jar;D:\Maven-Local\Java\org\springframework\data\spring-data-commons\2.0.8.RELEASE\spring-data-commons-2.0.8.RELEASE.jar;D:\Maven-Local\Java\org\springframework\spring-orm\5.0.7.RELEASE\spring-orm-5.0.7.RELEASE.jar;D:\Maven-Local\Java\org\springframework\spring-aspects\5.0.7.RELEASE\spring-aspects-5.0.7.RELEASE.jar;"/>
    <property name="java.vm.vendor" value="Oracle Corporation"/>
    <property name="sun.arch.data.model" value="64"/>
    <property name="user.variant" value=""/>
    <property name="java.vendor.url" value="http://java.oracle.com/"/>
    <property name="user.timezone" value=""/>
    <property name="java.vm.specification.version" value="1.8"/>
    <property name="os.name" value="Windows 7"/>
    <property name="user.country" value="CN"/>
    <property name="sun.java.launcher" value="SUN_STANDARD"/>
    <property name="sun.boot.library.path" value="D:\developer-Tools\JDK\jdk\jre\bin"/>
    <property name="sun.java.command" value="C:\Users\ADMINI~1\AppData\Local\Temp\surefire5030961915628977238\surefirebooter5866411635256286166.jar C:\Users\Administrator\AppData\Local\Temp\surefire5030961915628977238 2019-08-15T11-57-37_850-jvmRun1 surefire6339989110091943336tmp surefire_08552943102247550475tmp"/>
    <property name="surefire.test.class.path" value="E:\SVN-File\wechatserver\target\test-classes;E:\SVN-File\wechatserver\target\classes;D:\Maven-Local\Java\org\springframework\boot\spring-boot-starter\2.0.3.RELEASE\spring-boot-starter-2.0.3.RELEASE.jar;D:\Maven-Local\Java\org\springframework\boot\spring-boot\2.0.3.RELEASE\spring-boot-2.0.3.RELEASE.jar;D:\Maven-Local\Java\org\springframework\spring-context\5.0.7.RELEASE\spring-context-5.0.7.RELEASE.jar;D:\Maven-Local\Java\org\springframework\boot\spring-boot-autoconfigure\2.0.3.RELEASE\spring-boot-autoconfigure-2.0.3.RELEASE.jar;D:\Maven-Local\Java\org\springframework\boot\spring-boot-starter-logging\2.0.3.RELEASE\spring-boot-starter-logging-2.0.3.RELEASE.jar;D:\Maven-Local\Java\org\apache\logging\log4j\log4j-to-slf4j\2.10.0\log4j-to-slf4j-2.10.0.jar;D:\Maven-Local\Java\org\apache\logging\log4j\log4j-api\2.10.0\log4j-api-2.10.0.jar;D:\Maven-Local\Java\org\slf4j\jul-to-slf4j\1.7.25\jul-to-slf4j-1.7.25.jar;D:\Maven-Local\Java\javax\annotation\javax.annotation-api\1.3.2\javax.annotation-api-1.3.2.jar;D:\Maven-Local\Java\org\springframework\spring-core\5.0.7.RELEASE\spring-core-5.0.7.RELEASE.jar;D:\Maven-Local\Java\org\springframework\spring-jcl\5.0.7.RELEASE\spring-jcl-5.0.7.RELEASE.jar;D:\Maven-Local\Java\org\yaml\snakeyaml\1.19\snakeyaml-1.19.jar;D:\Maven-Local\Java\org\springframework\boot\spring-boot-starter-web\2.0.3.RELEASE\spring-boot-starter-web-2.0.3.RELEASE.jar;D:\Maven-Local\Java\org\springframework\boot\spring-boot-starter-json\2.0.3.RELEASE\spring-boot-starter-json-2.0.3.RELEASE.jar;D:\Maven-Local\Java\com\fasterxml\jackson\datatype\jackson-datatype-jdk8\2.9.6\jackson-datatype-jdk8-2.9.6.jar;D:\Maven-Local\Java\com\fasterxml\jackson\datatype\jackson-datatype-jsr310\2.9.6\jackson-datatype-jsr310-2.9.6.jar;D:\Maven-Local\Java\com\fasterxml\jackson\module\jackson-module-parameter-names\2.9.6\jackson-module-parameter-names-2.9.6.jar;D:\Maven-Local\Java\org\hibernate\validator\hibernate-validator\6.0.10.Final\hibernate-validator-6.0.10.Final.jar;D:\Maven-Local\Java\javax\validation\validation-api\2.0.1.Final\validation-api-2.0.1.Final.jar;D:\Maven-Local\Java\org\jboss\logging\jboss-logging\3.3.2.Final\jboss-logging-3.3.2.Final.jar;D:\Maven-Local\Java\com\fasterxml\classmate\1.3.4\classmate-1.3.4.jar;D:\Maven-Local\Java\org\springframework\spring-web\5.0.7.RELEASE\spring-web-5.0.7.RELEASE.jar;D:\Maven-Local\Java\org\springframework\spring-beans\5.0.7.RELEASE\spring-beans-5.0.7.RELEASE.jar;D:\Maven-Local\Java\org\springframework\spring-webmvc\5.0.7.RELEASE\spring-webmvc-5.0.7.RELEASE.jar;D:\Maven-Local\Java\org\springframework\spring-aop\5.0.7.RELEASE\spring-aop-5.0.7.RELEASE.jar;D:\Maven-Local\Java\org\springframework\spring-expression\5.0.7.RELEASE\spring-expression-5.0.7.RELEASE.jar;D:\Maven-Local\Java\org\json\json\20160810\json-20160810.jar;D:\Maven-Local\Java\net\sf\json-lib\json-lib\2.4\json-lib-2.4-jdk15.jar;D:\Maven-Local\Java\commons-beanutils\commons-beanutils\1.8.0\commons-beanutils-1.8.0.jar;D:\Maven-Local\Java\commons-collections\commons-collections\3.2.1\commons-collections-3.2.1.jar;D:\Maven-Local\Java\commons-lang\commons-lang\2.5\commons-lang-2.5.jar;D:\Maven-Local\Java\commons-logging\commons-logging\1.1.1\commons-logging-1.1.1.jar;D:\Maven-Local\Java\net\sf\ezmorph\ezmorph\1.0.6\ezmorph-1.0.6.jar;D:\Maven-Local\Java\dom4j\dom4j\1.6.1\dom4j-1.6.1.jar;D:\Maven-Local\Java\xml-apis\xml-apis\1.4.01\xml-apis-1.4.01.jar;D:\Maven-Local\Java\com\thoughtworks\xstream\xstream\1.4.9\xstream-1.4.9.jar;D:\Maven-Local\Java\xmlpull\xmlpull\1.1.3.1\xmlpull-1.1.3.1.jar;D:\Maven-Local\Java\xpp3\xpp3_min\1.1.4c\xpp3_min-1.1.4c.jar;D:\Maven-Local\Java\org\apache\httpcomponents\httpclient\4.5.5\httpclient-4.5.5.jar;D:\Maven-Local\Java\org\apache\httpcomponents\httpcore\4.4.9\httpcore-4.4.9.jar;D:\Maven-Local\Java\org\apache\tomcat\embed\tomcat-embed-jasper\8.5.31\tomcat-embed-jasper-8.5.31.jar;D:\Maven-Local\Java\org\apache\tomcat\embed\tomcat-embed-core\8.5.31\tomcat-embed-core-8.5.31.jar;D:\Maven-Local\Java\org\apache\tomcat\tomcat-annotations-api\8.5.31\tomcat-annotations-api-8.5.31.jar;D:\Maven-Local\Java\org\apache\tomcat\embed\tomcat-embed-el\8.5.31\tomcat-embed-el-8.5.31.jar;D:\Maven-Local\Java\org\eclipse\jdt\ecj\3.12.3\ecj-3.12.3.jar;D:\Maven-Local\Java\javax\servlet\jstl\1.2\jstl-1.2.jar;D:\Maven-Local\Java\javax\servlet\javax.servlet-api\3.1.0\javax.servlet-api-3.1.0.jar;D:\Maven-Local\Java\jstl\jstl\1.2\jstl-1.2.jar;D:\Maven-Local\Java\org\springframework\boot\spring-boot-starter-data-redis\2.0.3.RELEASE\spring-boot-starter-data-redis-2.0.3.RELEASE.jar;D:\Maven-Local\Java\org\springframework\data\spring-data-redis\2.0.8.RELEASE\spring-data-redis-2.0.8.RELEASE.jar;D:\Maven-Local\Java\org\springframework\data\spring-data-keyvalue\2.0.8.RELEASE\spring-data-keyvalue-2.0.8.RELEASE.jar;D:\Maven-Local\Java\org\springframework\spring-tx\5.0.7.RELEASE\spring-tx-5.0.7.RELEASE.jar;D:\Maven-Local\Java\org\springframework\spring-oxm\5.0.7.RELEASE\spring-oxm-5.0.7.RELEASE.jar;D:\Maven-Local\Java\org\springframework\spring-context-support\5.0.7.RELEASE\spring-context-support-5.0.7.RELEASE.jar;D:\Maven-Local\Java\org\slf4j\slf4j-api\1.7.25\slf4j-api-1.7.25.jar;D:\Maven-Local\Java\io\lettuce\lettuce-core\5.0.4.RELEASE\lettuce-core-5.0.4.RELEASE.jar;D:\Maven-Local\Java\io\projectreactor\reactor-core\3.1.8.RELEASE\reactor-core-3.1.8.RELEASE.jar;D:\Maven-Local\Java\org\reactivestreams\reactive-streams\1.0.2\reactive-streams-1.0.2.jar;D:\Maven-Local\Java\io\netty\netty-common\4.1.25.Final\netty-common-4.1.25.Final.jar;D:\Maven-Local\Java\io\netty\netty-transport\4.1.25.Final\netty-transport-4.1.25.Final.jar;D:\Maven-Local\Java\io\netty\netty-buffer\4.1.25.Final\netty-buffer-4.1.25.Final.jar;D:\Maven-Local\Java\io\netty\netty-resolver\4.1.25.Final\netty-resolver-4.1.25.Final.jar;D:\Maven-Local\Java\io\netty\netty-handler\4.1.25.Final\netty-handler-4.1.25.Final.jar;D:\Maven-Local\Java\io\netty\netty-codec\4.1.25.Final\netty-codec-4.1.25.Final.jar;D:\Maven-Local\Java\redis\clients\jedis\2.9.0\jedis-2.9.0.jar;D:\Maven-Local\Java\org\apache\commons\commons-pool2\2.5.0\commons-pool2-2.5.0.jar;D:\Maven-Local\Java\mysql\mysql-connector-java\5.1.46\mysql-connector-java-5.1.46.jar;D:\Maven-Local\Java\org\mybatis\spring\boot\mybatis-spring-boot-starter\1.3.0\mybatis-spring-boot-starter-1.3.0.jar;D:\Maven-Local\Java\org\springframework\boot\spring-boot-starter-jdbc\2.0.3.RELEASE\spring-boot-starter-jdbc-2.0.3.RELEASE.jar;D:\Maven-Local\Java\com\zaxxer\HikariCP\2.7.9\HikariCP-2.7.9.jar;D:\Maven-Local\Java\org\springframework\spring-jdbc\5.0.7.RELEASE\spring-jdbc-5.0.7.RELEASE.jar;D:\Maven-Local\Java\org\mybatis\spring\boot\mybatis-spring-boot-autoconfigure\1.3.0\mybatis-spring-boot-autoconfigure-1.3.0.jar;D:\Maven-Local\Java\org\mybatis\mybatis\3.4.4\mybatis-3.4.4.jar;D:\Maven-Local\Java\org\mybatis\mybatis-spring\1.3.1\mybatis-spring-1.3.1.jar;D:\Maven-Local\Java\com\alibaba\druid\1.0.25\druid-1.0.25.jar;D:\developer-Tools\JDK\jdk\jre\..\lib\jconsole.jar;D:\developer-Tools\JDK\jdk\jre\..\lib\tools.jar;D:\Maven-Local\Java\com\fasterxml\jackson\core\jackson-databind\2.9.6\jackson-databind-2.9.6.jar;D:\Maven-Local\Java\com\fasterxml\jackson\core\jackson-annotations\2.9.0\jackson-annotations-2.9.0.jar;D:\Maven-Local\Java\com\fasterxml\jackson\core\jackson-core\2.9.6\jackson-core-2.9.6.jar;D:\Maven-Local\Java\commons-io\commons-io\2.4\commons-io-2.4.jar;D:\Maven-Local\Java\org\eclipse\paho\org.eclipse.paho.client.mqttv3\1.2.0\org.eclipse.paho.client.mqttv3-1.2.0.jar;D:\Maven-Local\Java\commons-codec\commons-codec\1.11\commons-codec-1.11.jar;D:\Maven-Local\Java\org\springframework\boot\spring-boot-starter-test\2.0.3.RELEASE\spring-boot-starter-test-2.0.3.RELEASE.jar;D:\Maven-Local\Java\org\springframework\boot\spring-boot-test\2.0.3.RELEASE\spring-boot-test-2.0.3.RELEASE.jar;D:\Maven-Local\Java\org\springframework\boot\spring-boot-test-autoconfigure\2.0.3.RELEASE\spring-boot-test-autoconfigure-2.0.3.RELEASE.jar;D:\Maven-Local\Java\com\jayway\jsonpath\json-path\2.4.0\json-path-2.4.0.jar;D:\Maven-Local\Java\net\minidev\json-smart\2.3\json-smart-2.3.jar;D:\Maven-Local\Java\net\minidev\accessors-smart\1.2\accessors-smart-1.2.jar;D:\Maven-Local\Java\org\ow2\asm\asm\5.0.4\asm-5.0.4.jar;D:\Maven-Local\Java\junit\junit\4.12\junit-4.12.jar;D:\Maven-Local\Java\org\assertj\assertj-core\3.9.1\assertj-core-3.9.1.jar;D:\Maven-Local\Java\org\mockito\mockito-core\2.15.0\mockito-core-2.15.0.jar;D:\Maven-Local\Java\net\bytebuddy\byte-buddy\1.7.11\byte-buddy-1.7.11.jar;D:\Maven-Local\Java\net\bytebuddy\byte-buddy-agent\1.7.11\byte-buddy-agent-1.7.11.jar;D:\Maven-Local\Java\org\objenesis\objenesis\2.6\objenesis-2.6.jar;D:\Maven-Local\Java\org\hamcrest\hamcrest-core\1.3\hamcrest-core-1.3.jar;D:\Maven-Local\Java\org\hamcrest\hamcrest-library\1.3\hamcrest-library-1.3.jar;D:\Maven-Local\Java\org\skyscreamer\jsonassert\1.5.0\jsonassert-1.5.0.jar;D:\Maven-Local\Java\com\vaadin\external\google\android-json\0.0.20131108.vaadin1\android-json-0.0.20131108.vaadin1.jar;D:\Maven-Local\Java\org\springframework\spring-test\5.0.7.RELEASE\spring-test-5.0.7.RELEASE.jar;D:\Maven-Local\Java\org\xmlunit\xmlunit-core\2.5.1\xmlunit-core-2.5.1.jar;D:\Maven-Local\Java\com\baidu\aip\java-sdk\4.4.1\java-sdk-4.4.1.jar;D:\Maven-Local\Java\log4j\log4j\1.2.17\log4j-1.2.17.jar;D:\Maven-Local\Java\org\apache\httpcomponents\httpmime\4.5.5\httpmime-4.5.5.jar;D:\Maven-Local\Java\org\springframework\boot\spring-boot-configuration-processor\2.0.3.RELEASE\spring-boot-configuration-processor-2.0.3.RELEASE.jar;D:\Maven-Local\Java\commons-net\commons-net\3.6\commons-net-3.6.jar;D:\Maven-Local\Java\com\jcraft\jsch\0.1.54\jsch-0.1.54.jar;D:\Maven-Local\Java\org\jvnet\hudson\ganymed-ssh2\build210-hudson-1\ganymed-ssh2-build210-hudson-1.jar;D:\Maven-Local\Java\org\jrebirth\af\showcase\wave\8.6.0\wave-8.6.0.jar;D:\Maven-Local\Java\ch\qos\logback\logback-classic\1.2.3\logback-classic-1.2.3.jar;D:\Maven-Local\Java\ch\qos\logback\logback-core\1.2.3\logback-core-1.2.3.jar;D:\Maven-Local\Java\org\jrebirth\af\preloader\8.6.0\preloader-8.6.0.jar;D:\Maven-Local\Java\org\jrebirth\af\core\8.6.0\core-8.6.0.jar;D:\Maven-Local\Java\org\jrebirth\af\api\8.6.0\api-8.6.0.jar;D:\Maven-Local\Java\org\jrebirth\af\resources\8.6.0\resources-8.6.0.jar;D:\developer-Tools\JDK\jdk\jre\lib\javaws.jar;D:\developer-Tools\JDK\jdk\jre\lib\deploy.jar;D:\Maven-Local\Java\org\jrebirth\af\component\8.6.0\component-8.6.0.jar;D:\Maven-Local\Java\com\google\android\android\4.1.1.4\android-4.1.1.4.jar;D:\Maven-Local\Java\org\khronos\opengl-api\gl1.1-android-2.1_r1\opengl-api-gl1.1-android-2.1_r1.jar;D:\Maven-Local\Java\xerces\xmlParserAPIs\2.6.2\xmlParserAPIs-2.6.2.jar;D:\Maven-Local\Java\xpp3\xpp3\1.1.4c\xpp3-1.1.4c.jar;D:\Maven-Local\Java\org\springframework\boot\spring-boot-starter-data-jpa\2.0.3.RELEASE\spring-boot-starter-data-jpa-2.0.3.RELEASE.jar;D:\Maven-Local\Java\org\springframework\boot\spring-boot-starter-aop\2.0.3.RELEASE\spring-boot-starter-aop-2.0.3.RELEASE.jar;D:\Maven-Local\Java\org\aspectj\aspectjweaver\1.8.13\aspectjweaver-1.8.13.jar;D:\Maven-Local\Java\org\hibernate\hibernate-core\5.2.17.Final\hibernate-core-5.2.17.Final.jar;D:\Maven-Local\Java\org\hibernate\javax\persistence\hibernate-jpa-2.1-api\1.0.2.Final\hibernate-jpa-2.1-api-1.0.2.Final.jar;D:\Maven-Local\Java\org\javassist\javassist\3.22.0-GA\javassist-3.22.0-GA.jar;D:\Maven-Local\Java\antlr\antlr\2.7.7\antlr-2.7.7.jar;D:\Maven-Local\Java\org\jboss\jandex\2.0.3.Final\jandex-2.0.3.Final.jar;D:\Maven-Local\Java\org\hibernate\common\hibernate-commons-annotations\5.0.1.Final\hibernate-commons-annotations-5.0.1.Final.jar;D:\Maven-Local\Java\javax\transaction\javax.transaction-api\1.2\javax.transaction-api-1.2.jar;D:\Maven-Local\Java\org\springframework\data\spring-data-jpa\2.0.8.RELEASE\spring-data-jpa-2.0.8.RELEASE.jar;D:\Maven-Local\Java\org\springframework\data\spring-data-commons\2.0.8.RELEASE\spring-data-commons-2.0.8.RELEASE.jar;D:\Maven-Local\Java\org\springframework\spring-orm\5.0.7.RELEASE\spring-orm-5.0.7.RELEASE.jar;D:\Maven-Local\Java\org\springframework\spring-aspects\5.0.7.RELEASE\spring-aspects-5.0.7.RELEASE.jar;"/>
    <property name="sun.cpu.endian" value="little"/>
    <property name="user.home" value="C:\Users\Administrator"/>
    <property name="user.language" value="zh"/>
    <property name="java.specification.vendor" value="Oracle Corporation"/>
    <property name="java.home" value="D:\developer-Tools\JDK\jdk\jre"/>
    <property name="basedir" value="E:\SVN-File\wechatserver"/>
    <property name="file.separator" value="\"/>
    <property name="line.separator" value="&#10;"/>
    <property name="java.vm.specification.vendor" value="Oracle Corporation"/>
    <property name="java.specification.name" value="Java Platform API Specification"/>
    <property name="java.awt.graphicsenv" value="sun.awt.Win32GraphicsEnvironment"/>
    <property name="surefire.real.class.path" value="C:\Users\ADMINI~1\AppData\Local\Temp\surefire5030961915628977238\surefirebooter5866411635256286166.jar"/>
    <property name="sun.boot.class.path" value="D:\developer-Tools\JDK\jdk\jre\lib\resources.jar;D:\developer-Tools\JDK\jdk\jre\lib\rt.jar;D:\developer-Tools\JDK\jdk\jre\lib\sunrsasign.jar;D:\developer-Tools\JDK\jdk\jre\lib\jsse.jar;D:\developer-Tools\JDK\jdk\jre\lib\jce.jar;D:\developer-Tools\JDK\jdk\jre\lib\charsets.jar;D:\developer-Tools\JDK\jdk\jre\lib\jfr.jar;D:\developer-Tools\JDK\jdk\jre\classes"/>
    <property name="user.script" value=""/>
    <property name="sun.management.compiler" value="HotSpot 64-Bit Tiered Compilers"/>
    <property name="java.runtime.version" value="1.8.0_121-b13"/>
    <property name="user.name" value="Administrator"/>
    <property name="path.separator" value=";"/>
    <property name="os.version" value="6.1"/>
    <property name="java.endorsed.dirs" value="D:\developer-Tools\JDK\jdk\jre\lib\endorsed"/>
    <property name="java.runtime.name" value="Java(TM) SE Runtime Environment"/>
    <property name="file.encoding" value="GBK"/>
    <property name="java.vm.name" value="Java HotSpot(TM) 64-Bit Server VM"/>
    <property name="localRepository" value="D:\Maven-Local\Java"/>
    <property name="java.vendor.url.bug" value="http://bugreport.sun.com/bugreport/"/>
    <property name="java.io.tmpdir" value="C:\Users\ADMINI~1\AppData\Local\Temp\"/>
    <property name="idea.version" value="2018.3.5"/>
    <property name="java.version" value="1.8.0_121"/>
    <property name="user.dir" value="E:\SVN-File\wechatserver"/>
    <property name="os.arch" value="amd64"/>
    <property name="java.vm.specification.name" value="Java Virtual Machine Specification"/>
    <property name="java.awt.printerjob" value="sun.awt.windows.WPrinterJob"/>
    <property name="sun.os.patch.level" value="Service Pack 1"/>
    <property name="java.library.path" value="D:\developer-Tools\JDK\jdk\jre\bin;C:\Windows\Sun\Java\bin;C:\Windows\system32;C:\Windows;C:\Program Files (x86)\Common Files\Oracle\Java\javapath;C:\Windows\system32;C:\Windows;C:\Windows\System32\Wbem;C:\Windows;D:\developer-Tools\JDK\jdk\bin;D:\developer-Tools\JDK\jdk\jre\bin;E:\kuaijie;D:\apache-maven-3.6.0-bin\apache-maven-3.6.0\bin;D:\NodeJS\nodejs\;E:\Python\Python37\Scripts\;E:\Python\Python37\;E:\Python\Python37-32\Scripts\;E:\Python\Python37-32\;C:\Users\Administrator\AppData;D:\soft\Microsoft VS Code\bin;."/>
    <property name="java.vm.info" value="mixed mode"/>
    <property name="java.vendor" value="Oracle Corporation"/>
    <property name="java.vm.version" value="25.121-b13"/>
    <property name="java.ext.dirs" value="D:\developer-Tools\JDK\jdk\jre\lib\ext;C:\Windows\Sun\Java\lib\ext"/>
    <property name="sun.io.unicode.encoding" value="UnicodeLittle"/>
    <property name="java.class.version" value="52.0"/>
  </properties>
  <testcase name="testToken" classname="TestWx" time="0.732">
    <error message="JSONObject[&quot;access_token&quot;] not found." type="net.sf.json.JSONException">net.sf.json.JSONException: JSONObject["access_token"] not found.
	at TestWx.testToken(TestWx.java:12)
</error>
  </testcase>
</testsuite>